<?xml version="1.0" encoding="UTF-8"?>
<coverage generated="1667515677270" clover="3.2.0">
  <project timestamp="1667515677270" name="All files">
    <metrics statements="8" coveredstatements="8" conditionals="2" coveredconditionals="2" methods="5" coveredmethods="5" elements="15" coveredelements="15" complexity="0" loc="8" ncloc="8" packages="1" files="2" classes="2"/>
    <file name="OperacoesAritimetrica.js" path="C:\Users\Matheus\tpk2022-azure-back\OperacoesAritimetrica.js">
      <metrics statements="6" coveredstatements="6" conditionals="2" coveredconditionals="2" methods="4" coveredmethods="4"/>
      <line num="1" count="1" type="stmt"/>
      <line num="3" count="2" type="stmt"/>
      <line num="6" count="2" type="stmt"/>
      <line num="10" count="3" type="cond" truecount="2" falsecount="0"/>
      <line num="12" count="2" type="stmt"/>
      <line num="16" count="2" type="stmt"/>
    </file>
    <file name="sum.js" path="C:\Users\Matheus\tpk2022-azure-back\sum.js">
      <metrics statements="2" coveredstatements="2" conditionals="0" coveredconditionals="0" methods="1" coveredmethods="1"/>
      <line num="2" count="1" type="stmt"/>
      <line num="4" count="1" type="stmt"/>
    </file>
  </project>
</coverage>
